<?xml version="1.0" encoding="UTF-8"?>
<!-- Generated by org.testng.reporters.JUnitXMLReporter -->
<testsuite ignored="0" hostname="DESKTOP-NN19MM0" failures="0" tests="4" name="Default test" time="69.917" errors="0" timestamp="2021-04-19T17:14:43 IST">
  <testcase classname="loginSection.Login" name="testLogin" time="15.524"/>
  <testcase classname="loginSection.Login" name="testLogin" time="8.771"/>
  <testcase classname="loginSection.Login" name="testLogin" time="8.259"/>
  <testcase classname="loginSection.Login" name="testLogin" time="5.354"/>
</testsuite> <!-- Default test -->
