<?xml version="1.0" encoding="UTF-8"?>
<!-- Generated by org.testng.reporters.JUnitXMLReporter -->
<testsuite ignored="0" hostname="DESKTOP-NN19MM0" failures="0" tests="4" name="Default test" time="58.906" errors="0" timestamp="2021-05-19T13:22:32 IST">
  <testcase classname="loginSection.Login" name="testLogin" time="12.29"/>
  <testcase classname="loginSection.Login" name="testLogin" time="8.471"/>
  <testcase classname="loginSection.Login" name="testLogin" time="7.831"/>
  <testcase classname="loginSection.Login" name="testLogin" time="6.568"/>
</testsuite> <!-- Default test -->
