<?xml version="1.0" encoding="UTF-8"?>
<!-- Generated by org.testng.reporters.JUnitXMLReporter -->
<testsuite ignored="0" hostname="DESKTOP-NN19MM0" failures="0" tests="4" name="LoginSection" time="68.505" errors="0" timestamp="2021-05-19T17:25:58 IST">
  <testcase classname="loginSection.Login" name="testLogin" time="10.209"/>
  <testcase classname="loginSection.Login" name="testLogin" time="10.63"/>
  <testcase classname="loginSection.Login" name="testLogin" time="8.993"/>
  <testcase classname="loginSection.Login" name="testLogin" time="10.309"/>
</testsuite> <!-- LoginSection -->
