<?xml version="1.0" encoding="UTF-8"?>
<!-- Generated by org.testng.reporters.JUnitXMLReporter -->
<testsuite ignored="0" hostname="DESKTOP-NN19MM0" failures="0" tests="5" name="LoginSection" time="51.265" errors="0" timestamp="2021-05-19T13:32:59 IST">
  <testcase classname="loginSection.Login" name="testLogin" time="10.644"/>
  <testcase classname="loginSection.Login" name="testLogin" time="7.792"/>
  <testcase classname="loginSection.Login" name="testLogin" time="8.244"/>
  <testcase classname="loginSection.Login" name="testLogin" time="7.063"/>
  <testcase classname="loginSection.Sample" name="sampleMethod" time="0.008"/>
</testsuite> <!-- LoginSection -->
