<?xml version="1.0" encoding="UTF-8"?>
<testng-results ignored="0" total="4" passed="4" failed="0" skipped="0">
  <reporter-output>
  </reporter-output>
  <suite started-at="2021-04-18T19:34:04 IST" name="Default suite" finished-at="2021-04-18T19:34:58 IST" duration-ms="54335">
    <groups>
    </groups>
    <test started-at="2021-04-18T19:34:04 IST" name="Default test" finished-at="2021-04-18T19:34:58 IST" duration-ms="54335">
      <class name="loginSection.Login">
        <test-method is-config="true" signature="invokeBrowser()[pri:0, instance:loginSection.Login@793f29ff]" started-at="2021-04-18T19:34:04 IST" name="invokeBrowser" finished-at="2021-04-18T19:34:16 IST" duration-ms="12141" status="PASS">
          <reporter-output>
          </reporter-output>
        </test-method> <!-- invokeBrowser -->
        <test-method signature="testLogin(java.lang.String, java.lang.String)[pri:0, instance:loginSection.Login@793f29ff]" started-at="2021-04-18T19:34:16 IST" name="testLogin" data-provider="LoginCredentialProvider" finished-at="2021-04-18T19:34:27 IST" duration-ms="11746" status="PASS">
          <params>
            <param index="0">
              <value>
                <![CDATA[mngr320209]]>
              </value>
            </param>
            <param index="1">
              <value>
                <![CDATA[depehAb]]>
              </value>
            </param>
          </params>
          <reporter-output>
          </reporter-output>
        </test-method> <!-- testLogin -->
        <test-method is-config="true" signature="closeBrowser()[pri:0, instance:loginSection.Login@793f29ff]" started-at="2021-04-18T19:34:27 IST" name="closeBrowser" finished-at="2021-04-18T19:34:28 IST" duration-ms="895" status="PASS">
          <reporter-output>
          </reporter-output>
        </test-method> <!-- closeBrowser -->
        <test-method is-config="true" signature="invokeBrowser()[pri:0, instance:loginSection.Login@793f29ff]" started-at="2021-04-18T19:34:28 IST" name="invokeBrowser" finished-at="2021-04-18T19:34:31 IST" duration-ms="2503" status="PASS">
          <reporter-output>
          </reporter-output>
        </test-method> <!-- invokeBrowser -->
        <test-method signature="testLogin(java.lang.String, java.lang.String)[pri:0, instance:loginSection.Login@793f29ff]" started-at="2021-04-18T19:34:31 IST" name="testLogin" data-provider="LoginCredentialProvider" finished-at="2021-04-18T19:34:38 IST" duration-ms="6792" status="PASS">
          <params>
            <param index="0">
              <value>
                <![CDATA[mngr320209]]>
              </value>
            </param>
            <param index="1">
              <value>
                <![CDATA[wrongPassword]]>
              </value>
            </param>
          </params>
          <reporter-output>
          </reporter-output>
        </test-method> <!-- testLogin -->
        <test-method is-config="true" signature="closeBrowser()[pri:0, instance:loginSection.Login@793f29ff]" started-at="2021-04-18T19:34:38 IST" name="closeBrowser" finished-at="2021-04-18T19:34:38 IST" duration-ms="769" status="PASS">
          <reporter-output>
          </reporter-output>
        </test-method> <!-- closeBrowser -->
        <test-method is-config="true" signature="invokeBrowser()[pri:0, instance:loginSection.Login@793f29ff]" started-at="2021-04-18T19:34:38 IST" name="invokeBrowser" finished-at="2021-04-18T19:34:41 IST" duration-ms="2335" status="PASS">
          <reporter-output>
          </reporter-output>
        </test-method> <!-- invokeBrowser -->
        <test-method signature="testLogin(java.lang.String, java.lang.String)[pri:0, instance:loginSection.Login@793f29ff]" started-at="2021-04-18T19:34:41 IST" name="testLogin" data-provider="LoginCredentialProvider" finished-at="2021-04-18T19:34:47 IST" duration-ms="6413" status="PASS">
          <params>
            <param index="0">
              <value>
                <![CDATA[wrongUsername]]>
              </value>
            </param>
            <param index="1">
              <value>
                <![CDATA[depehAb]]>
              </value>
            </param>
          </params>
          <reporter-output>
          </reporter-output>
        </test-method> <!-- testLogin -->
        <test-method is-config="true" signature="closeBrowser()[pri:0, instance:loginSection.Login@793f29ff]" started-at="2021-04-18T19:34:47 IST" name="closeBrowser" finished-at="2021-04-18T19:34:48 IST" duration-ms="735" status="PASS">
          <reporter-output>
          </reporter-output>
        </test-method> <!-- closeBrowser -->
        <test-method is-config="true" signature="invokeBrowser()[pri:0, instance:loginSection.Login@793f29ff]" started-at="2021-04-18T19:34:48 IST" name="invokeBrowser" finished-at="2021-04-18T19:34:50 IST" duration-ms="2465" status="PASS">
          <reporter-output>
          </reporter-output>
        </test-method> <!-- invokeBrowser -->
        <test-method signature="testLogin(java.lang.String, java.lang.String)[pri:0, instance:loginSection.Login@793f29ff]" started-at="2021-04-18T19:34:50 IST" name="testLogin" data-provider="LoginCredentialProvider" finished-at="2021-04-18T19:34:57 IST" duration-ms="6718" status="PASS">
          <params>
            <param index="0">
              <value>
                <![CDATA[wrongUsername]]>
              </value>
            </param>
            <param index="1">
              <value>
                <![CDATA[wrongPassword]]>
              </value>
            </param>
          </params>
          <reporter-output>
          </reporter-output>
        </test-method> <!-- testLogin -->
        <test-method is-config="true" signature="closeBrowser()[pri:0, instance:loginSection.Login@793f29ff]" started-at="2021-04-18T19:34:57 IST" name="closeBrowser" finished-at="2021-04-18T19:34:58 IST" duration-ms="727" status="PASS">
          <reporter-output>
          </reporter-output>
        </test-method> <!-- closeBrowser -->
      </class> <!-- loginSection.Login -->
    </test> <!-- Default test -->
  </suite> <!-- Default suite -->
</testng-results>
