<?xml version="1.0" encoding="UTF-8"?>
<testng-results ignored="0" total="5" passed="5" failed="0" skipped="0">
  <reporter-output>
  </reporter-output>
  <suite started-at="2021-05-19T13:32:08 IST" name="Login" finished-at="2021-05-19T13:32:59 IST" duration-ms="51265">
    <groups>
    </groups>
    <test started-at="2021-05-19T13:32:08 IST" name="LoginSection" finished-at="2021-05-19T13:32:59 IST" duration-ms="51265">
      <class name="loginSection.Sample">
        <test-method signature="sampleMethod()[pri:0, instance:loginSection.Sample@543295b0]" started-at="2021-05-19T13:32:59 IST" name="sampleMethod" finished-at="2021-05-19T13:32:59 IST" duration-ms="8" status="PASS">
          <reporter-output>
          </reporter-output>
        </test-method> <!-- sampleMethod -->
      </class> <!-- loginSection.Sample -->
      <class name="loginSection.Login">
        <test-method is-config="true" signature="invokeBrowser()[pri:0, instance:loginSection.Login@563f38c4]" started-at="2021-05-19T13:32:08 IST" name="invokeBrowser" finished-at="2021-05-19T13:32:12 IST" duration-ms="4111" status="PASS">
          <reporter-output>
          </reporter-output>
        </test-method> <!-- invokeBrowser -->
        <test-method signature="testLogin(java.lang.String, java.lang.String)[pri:0, instance:loginSection.Login@563f38c4]" started-at="2021-05-19T13:32:12 IST" name="testLogin" data-provider="LoginCredentialProvider" finished-at="2021-05-19T13:32:23 IST" duration-ms="10644" status="PASS">
          <params>
            <param index="0">
              <value>
                <![CDATA[mngr320209]]>
              </value>
            </param>
            <param index="1">
              <value>
                <![CDATA[depehAb]]>
              </value>
            </param>
          </params>
          <reporter-output>
          </reporter-output>
        </test-method> <!-- testLogin -->
        <test-method is-config="true" signature="closeBrowser()[pri:0, instance:loginSection.Login@563f38c4]" started-at="2021-05-19T13:32:23 IST" name="closeBrowser" finished-at="2021-05-19T13:32:24 IST" duration-ms="1365" status="PASS">
          <reporter-output>
          </reporter-output>
        </test-method> <!-- closeBrowser -->
        <test-method is-config="true" signature="invokeBrowser()[pri:0, instance:loginSection.Login@563f38c4]" started-at="2021-05-19T13:32:24 IST" name="invokeBrowser" finished-at="2021-05-19T13:32:27 IST" duration-ms="3040" status="PASS">
          <reporter-output>
          </reporter-output>
        </test-method> <!-- invokeBrowser -->
        <test-method signature="testLogin(java.lang.String, java.lang.String)[pri:0, instance:loginSection.Login@563f38c4]" started-at="2021-05-19T13:32:27 IST" name="testLogin" data-provider="LoginCredentialProvider" finished-at="2021-05-19T13:32:35 IST" duration-ms="7792" status="PASS">
          <params>
            <param index="0">
              <value>
                <![CDATA[mngr320209]]>
              </value>
            </param>
            <param index="1">
              <value>
                <![CDATA[wrongPassword]]>
              </value>
            </param>
          </params>
          <reporter-output>
          </reporter-output>
        </test-method> <!-- testLogin -->
        <test-method is-config="true" signature="closeBrowser()[pri:0, instance:loginSection.Login@563f38c4]" started-at="2021-05-19T13:32:35 IST" name="closeBrowser" finished-at="2021-05-19T13:32:35 IST" duration-ms="774" status="PASS">
          <reporter-output>
          </reporter-output>
        </test-method> <!-- closeBrowser -->
        <test-method is-config="true" signature="invokeBrowser()[pri:0, instance:loginSection.Login@563f38c4]" started-at="2021-05-19T13:32:35 IST" name="invokeBrowser" finished-at="2021-05-19T13:32:38 IST" duration-ms="2997" status="PASS">
          <reporter-output>
          </reporter-output>
        </test-method> <!-- invokeBrowser -->
        <test-method signature="testLogin(java.lang.String, java.lang.String)[pri:0, instance:loginSection.Login@563f38c4]" started-at="2021-05-19T13:32:38 IST" name="testLogin" data-provider="LoginCredentialProvider" finished-at="2021-05-19T13:32:47 IST" duration-ms="8244" status="PASS">
          <params>
            <param index="0">
              <value>
                <![CDATA[wrongUsername]]>
              </value>
            </param>
            <param index="1">
              <value>
                <![CDATA[depehAb]]>
              </value>
            </param>
          </params>
          <reporter-output>
          </reporter-output>
        </test-method> <!-- testLogin -->
        <test-method is-config="true" signature="closeBrowser()[pri:0, instance:loginSection.Login@563f38c4]" started-at="2021-05-19T13:32:47 IST" name="closeBrowser" finished-at="2021-05-19T13:32:48 IST" duration-ms="1175" status="PASS">
          <reporter-output>
          </reporter-output>
        </test-method> <!-- closeBrowser -->
        <test-method is-config="true" signature="invokeBrowser()[pri:0, instance:loginSection.Login@563f38c4]" started-at="2021-05-19T13:32:48 IST" name="invokeBrowser" finished-at="2021-05-19T13:32:51 IST" duration-ms="2988" status="PASS">
          <reporter-output>
          </reporter-output>
        </test-method> <!-- invokeBrowser -->
        <test-method signature="testLogin(java.lang.String, java.lang.String)[pri:0, instance:loginSection.Login@563f38c4]" started-at="2021-05-19T13:32:51 IST" name="testLogin" data-provider="LoginCredentialProvider" finished-at="2021-05-19T13:32:58 IST" duration-ms="7063" status="PASS">
          <params>
            <param index="0">
              <value>
                <![CDATA[wrongUsername]]>
              </value>
            </param>
            <param index="1">
              <value>
                <![CDATA[wrongPassword]]>
              </value>
            </param>
          </params>
          <reporter-output>
          </reporter-output>
        </test-method> <!-- testLogin -->
        <test-method is-config="true" signature="closeBrowser()[pri:0, instance:loginSection.Login@563f38c4]" started-at="2021-05-19T13:32:58 IST" name="closeBrowser" finished-at="2021-05-19T13:32:59 IST" duration-ms="956" status="PASS">
          <reporter-output>
          </reporter-output>
        </test-method> <!-- closeBrowser -->
      </class> <!-- loginSection.Login -->
    </test> <!-- LoginSection -->
  </suite> <!-- Login -->
</testng-results>
